C:\USERS\RAUNBAK\DOCUMENTS\GITHUB\MOLECULAR-DYNAMICS-SIMULATOR\MD\MD\DEBUG\BISECTIONROOTFINDER.OBJ
C:\USERS\RAUNBAK\DOCUMENTS\GITHUB\MOLECULAR-DYNAMICS-SIMULATOR\MD\MD\DEBUG\FORCES.OBJ
C:\USERS\RAUNBAK\DOCUMENTS\GITHUB\MOLECULAR-DYNAMICS-SIMULATOR\MD\MD\DEBUG\INTEGRATOR.OBJ
C:\USERS\RAUNBAK\DOCUMENTS\GITHUB\MOLECULAR-DYNAMICS-SIMULATOR\MD\MD\DEBUG\MAIN.OBJ
C:\USERS\RAUNBAK\DOCUMENTS\GITHUB\MOLECULAR-DYNAMICS-SIMULATOR\MD\MD\DEBUG\STDAFX.OBJ
C:\USERS\RAUNBAK\DOCUMENTS\GITHUB\MOLECULAR-DYNAMICS-SIMULATOR\MD\MD\DEBUG\FASTENSEMBLE.OBJ
C:\USERS\RAUNBAK\DOCUMENTS\GITHUB\MOLECULAR-DYNAMICS-SIMULATOR\MD\MD\DEBUG\FASTION.OBJ
C:\USERS\RAUNBAK\DOCUMENTS\GITHUB\MOLECULAR-DYNAMICS-SIMULATOR\MD\MD\DEBUG\VC110.PDB
C:\USERS\RAUNBAK\DOCUMENTS\GITHUB\MOLECULAR-DYNAMICS-SIMULATOR\MD\DEBUG\MD.ILK
C:\USERS\RAUNBAK\DOCUMENTS\GITHUB\MOLECULAR-DYNAMICS-SIMULATOR\MD\DEBUG\MD.EXE
C:\USERS\RAUNBAK\DOCUMENTS\GITHUB\MOLECULAR-DYNAMICS-SIMULATOR\MD\DEBUG\MD.PDB
C:\Users\Raunbak\Documents\GitHub\Molecular-Dynamics-simulator\MD\MD\Debug\cuSource.cu.cache
C:\Users\Raunbak\Documents\GitHub\Molecular-Dynamics-simulator\MD\MD\Debug\BisectionRootFinder.obj
C:\Users\Raunbak\Documents\GitHub\Molecular-Dynamics-simulator\MD\MD\Debug\cuSource.cu.obj
C:\Users\Raunbak\Documents\GitHub\Molecular-Dynamics-simulator\MD\MD\Debug\FastEnsemble.obj
C:\Users\Raunbak\Documents\GitHub\Molecular-Dynamics-simulator\MD\MD\Debug\FastIon.obj
C:\Users\Raunbak\Documents\GitHub\Molecular-Dynamics-simulator\MD\MD\Debug\forces.obj
C:\Users\Raunbak\Documents\GitHub\Molecular-Dynamics-simulator\MD\MD\Debug\integrator.obj
C:\Users\Raunbak\Documents\GitHub\Molecular-Dynamics-simulator\MD\MD\Debug\Main.obj
C:\Users\Raunbak\Documents\GitHub\Molecular-Dynamics-simulator\MD\MD\Debug\stdafx.obj
C:\Users\Raunbak\Documents\GitHub\Molecular-Dynamics-simulator\MD\MD\Debug\cl.command.1.tlog
C:\Users\Raunbak\Documents\GitHub\Molecular-Dynamics-simulator\MD\MD\Debug\CL.read.1.tlog
C:\Users\Raunbak\Documents\GitHub\Molecular-Dynamics-simulator\MD\MD\Debug\CL.write.1.tlog
C:\Users\Raunbak\Documents\GitHub\Molecular-Dynamics-simulator\MD\MD\Debug\link-cvtres.read.1.tlog
C:\Users\Raunbak\Documents\GitHub\Molecular-Dynamics-simulator\MD\MD\Debug\link-cvtres.write.1.tlog
C:\Users\Raunbak\Documents\GitHub\Molecular-Dynamics-simulator\MD\MD\Debug\link-rc.read.1.tlog
C:\Users\Raunbak\Documents\GitHub\Molecular-Dynamics-simulator\MD\MD\Debug\link-rc.write.1.tlog
C:\Users\Raunbak\Documents\GitHub\Molecular-Dynamics-simulator\MD\MD\Debug\link.1312-cvtres.read.1.tlog
C:\Users\Raunbak\Documents\GitHub\Molecular-Dynamics-simulator\MD\MD\Debug\link.1312-cvtres.write.1.tlog
C:\Users\Raunbak\Documents\GitHub\Molecular-Dynamics-simulator\MD\MD\Debug\link.1312-rc.read.1.tlog
C:\Users\Raunbak\Documents\GitHub\Molecular-Dynamics-simulator\MD\MD\Debug\link.1312-rc.write.1.tlog
C:\Users\Raunbak\Documents\GitHub\Molecular-Dynamics-simulator\MD\MD\Debug\link.1312.read.1.tlog
C:\Users\Raunbak\Documents\GitHub\Molecular-Dynamics-simulator\MD\MD\Debug\link.1312.write.1.tlog
C:\Users\Raunbak\Documents\GitHub\Molecular-Dynamics-simulator\MD\MD\Debug\link.command.1.tlog
C:\Users\Raunbak\Documents\GitHub\Molecular-Dynamics-simulator\MD\MD\Debug\link.read.1.tlog
C:\Users\Raunbak\Documents\GitHub\Molecular-Dynamics-simulator\MD\MD\Debug\link.write.1.tlog
C:\Users\Raunbak\Documents\GitHub\Molecular-Dynamics-simulator\MD\MD\Debug\vc110.idb
C:\Users\Raunbak\Documents\GitHub\Molecular-Dynamics-simulator\MD\MD\Debug\vc110.pdb
C:\Users\Raunbak\Documents\GitHub\Molecular-Dynamics-simulator\MD\Debug\MD.pdb
C:\Users\Raunbak\Documents\GitHub\Molecular-Dynamics-simulator\MD\Debug\MD.exe
C:\Users\Raunbak\Documents\GitHub\Molecular-Dynamics-simulator\MD\Debug\MD.ilk
