C:\USERS\RAUNBAK\DROPBOX\EXETEST\RELEASE\STARTFORFRA\IONCOMPBUILD\MOLECULAR-DYNAMICS-SIMULATOR-55E57C582072093EAF8D501395F58B3C4CD3A967\MD\MD\X64\RELEASE\MAIN.OBJ
C:\USERS\RAUNBAK\DROPBOX\EXETEST\RELEASE\STARTFORFRA\IONCOMPBUILD\MOLECULAR-DYNAMICS-SIMULATOR-55E57C582072093EAF8D501395F58B3C4CD3A967\MD\MD\X64\RELEASE\FASTENSEMBLE.OBJ
C:\USERS\RAUNBAK\DROPBOX\EXETEST\RELEASE\STARTFORFRA\IONCOMPBUILD\MOLECULAR-DYNAMICS-SIMULATOR-55E57C582072093EAF8D501395F58B3C4CD3A967\MD\MD\X64\RELEASE\STDAFX.OBJ
C:\USERS\RAUNBAK\DROPBOX\EXETEST\RELEASE\STARTFORFRA\IONCOMPBUILD\MOLECULAR-DYNAMICS-SIMULATOR-55E57C582072093EAF8D501395F58B3C4CD3A967\MD\MD\X64\RELEASE\INTEGRATOR.OBJ
C:\USERS\RAUNBAK\DROPBOX\EXETEST\RELEASE\STARTFORFRA\IONCOMPBUILD\MOLECULAR-DYNAMICS-SIMULATOR-55E57C582072093EAF8D501395F58B3C4CD3A967\MD\MD\X64\RELEASE\FORCES.OBJ
C:\USERS\RAUNBAK\DROPBOX\EXETEST\RELEASE\STARTFORFRA\IONCOMPBUILD\MOLECULAR-DYNAMICS-SIMULATOR-55E57C582072093EAF8D501395F58B3C4CD3A967\MD\MD\X64\RELEASE\FASTION.OBJ
C:\USERS\RAUNBAK\DROPBOX\EXETEST\RELEASE\STARTFORFRA\IONCOMPBUILD\MOLECULAR-DYNAMICS-SIMULATOR-55E57C582072093EAF8D501395F58B3C4CD3A967\MD\MD\X64\RELEASE\BISECTIONROOTFINDER.OBJ
C:\USERS\RAUNBAK\DROPBOX\EXETEST\RELEASE\STARTFORFRA\IONCOMPBUILD\MOLECULAR-DYNAMICS-SIMULATOR-55E57C582072093EAF8D501395F58B3C4CD3A967\MD\MD\X64\RELEASE\VC110.PDB
C:\USERS\RAUNBAK\DOCUMENTS\GITHUB\MOLECULAR-DYNAMICS-SIMULATOR-V2\MD\MD\X64\RELEASE\INTEGRATOR.OBJ
C:\USERS\RAUNBAK\DOCUMENTS\GITHUB\MOLECULAR-DYNAMICS-SIMULATOR-V2\MD\MD\X64\RELEASE\MAIN.OBJ
C:\USERS\RAUNBAK\DOCUMENTS\GITHUB\MOLECULAR-DYNAMICS-SIMULATOR-V2\MD\MD\X64\RELEASE\STDAFX.OBJ
C:\USERS\RAUNBAK\DOCUMENTS\GITHUB\MOLECULAR-DYNAMICS-SIMULATOR-V2\MD\MD\X64\RELEASE\FORCES.OBJ
C:\USERS\RAUNBAK\DOCUMENTS\GITHUB\MOLECULAR-DYNAMICS-SIMULATOR-V2\MD\MD\X64\RELEASE\FASTION.OBJ
C:\USERS\RAUNBAK\DOCUMENTS\GITHUB\MOLECULAR-DYNAMICS-SIMULATOR-V2\MD\MD\X64\RELEASE\FASTENSEMBLE.OBJ
C:\USERS\RAUNBAK\DOCUMENTS\GITHUB\MOLECULAR-DYNAMICS-SIMULATOR-V2\MD\MD\X64\RELEASE\BISECTIONROOTFINDER.OBJ
C:\USERS\RAUNBAK\DOCUMENTS\GITHUB\MOLECULAR-DYNAMICS-SIMULATOR-V2\MD\MD\X64\RELEASE\SIMULATION.OBJ
C:\USERS\RAUNBAK\DOCUMENTS\GITHUB\MOLECULAR-DYNAMICS-SIMULATOR-V2\MD\MD\X64\RELEASE\VC110.PDB
C:\USERS\RAUNBAK\DOCUMENTS\GITHUB\MOLECULAR-DYNAMICS-SIMULATOR-V2\MD\MD\X64\RELEASE\TRAP.OBJ
C:\USERS\RAUNBAK\DROPBOX\EXETEST\RELEASE\STARTFORFRA\IONCOMPBUILD\MOLECULAR-DYNAMICS-SIMULATOR-55E57C582072093EAF8D501395F58B3C4CD3A967\MD\X64\RELEASE\MD.EXE
C:\USERS\RAUNBAK\DROPBOX\EXETEST\RELEASE\STARTFORFRA\IONCOMPBUILD\MOLECULAR-DYNAMICS-SIMULATOR-55E57C582072093EAF8D501395F58B3C4CD3A967\MD\X64\RELEASE\MD.PDB
C:\Users\Raunbak\Documents\GitHub\Molecular-Dynamics-simulator-v2\MD\MD\x64\Release\cuSource.cu.cache
C:\Users\Raunbak\Documents\GitHub\Molecular-Dynamics-simulator-v2\MD\MD\x64\Release\BisectionRootFinder.obj
C:\Users\Raunbak\Documents\GitHub\Molecular-Dynamics-simulator-v2\MD\MD\x64\Release\cuSource.cu.obj
C:\Users\Raunbak\Documents\GitHub\Molecular-Dynamics-simulator-v2\MD\MD\x64\Release\FastEnsemble.obj
C:\Users\Raunbak\Documents\GitHub\Molecular-Dynamics-simulator-v2\MD\MD\x64\Release\FastIon.obj
C:\Users\Raunbak\Documents\GitHub\Molecular-Dynamics-simulator-v2\MD\MD\x64\Release\forces.obj
C:\Users\Raunbak\Documents\GitHub\Molecular-Dynamics-simulator-v2\MD\MD\x64\Release\integrator.obj
C:\Users\Raunbak\Documents\GitHub\Molecular-Dynamics-simulator-v2\MD\MD\x64\Release\Main.obj
C:\Users\Raunbak\Documents\GitHub\Molecular-Dynamics-simulator-v2\MD\MD\x64\Release\Simulation.obj
C:\Users\Raunbak\Documents\GitHub\Molecular-Dynamics-simulator-v2\MD\MD\x64\Release\stdafx.obj
C:\Users\Raunbak\Documents\GitHub\Molecular-Dynamics-simulator-v2\MD\MD\x64\Release\Trap.obj
C:\Users\Raunbak\Documents\GitHub\Molecular-Dynamics-simulator-v2\MD\MD\x64\Release\cl.command.1.tlog
C:\Users\Raunbak\Documents\GitHub\Molecular-Dynamics-simulator-v2\MD\MD\x64\Release\CL.read.1.tlog
C:\Users\Raunbak\Documents\GitHub\Molecular-Dynamics-simulator-v2\MD\MD\x64\Release\CL.write.1.tlog
C:\Users\Raunbak\Documents\GitHub\Molecular-Dynamics-simulator-v2\MD\MD\x64\Release\link-cvtres.read.1.tlog
C:\Users\Raunbak\Documents\GitHub\Molecular-Dynamics-simulator-v2\MD\MD\x64\Release\link-cvtres.write.1.tlog
C:\Users\Raunbak\Documents\GitHub\Molecular-Dynamics-simulator-v2\MD\MD\x64\Release\link-rc.read.1.tlog
C:\Users\Raunbak\Documents\GitHub\Molecular-Dynamics-simulator-v2\MD\MD\x64\Release\link-rc.write.1.tlog
C:\Users\Raunbak\Documents\GitHub\Molecular-Dynamics-simulator-v2\MD\MD\x64\Release\link.command.1.tlog
C:\Users\Raunbak\Documents\GitHub\Molecular-Dynamics-simulator-v2\MD\MD\x64\Release\link.read.1.tlog
C:\Users\Raunbak\Documents\GitHub\Molecular-Dynamics-simulator-v2\MD\MD\x64\Release\link.write.1.tlog
C:\Users\Raunbak\Documents\GitHub\Molecular-Dynamics-simulator-v2\MD\MD\x64\Release\vc110.pdb
C:\Users\Raunbak\Documents\GitHub\Molecular-Dynamics-simulator-v2\MD\x64\Release\MD.pdb
